<?xml version="1.0" encoding="UTF-8"?>
<testsuites name="Sauce Labs" time="63.437" tests="4" failures="1" errors="0">
   <testsuite name="Sauce Labs" tests="4" failures="1" errors="0" time="63.437" skipped="0" timestamp="2023-11-06 10:33:38" hostname="muhammad.nurfaizi - BA-00018037" id="Test Suites/Sauce Labs">
      <properties>
         <property name="deviceName" value=""/>
         <property name="devicePlatform" value=""/>
         <property name="logFolder" value="C:\\Users\\muhammad.nurfaizi\\Katalon Studio\\WebTestSauceDemo\\Reports\\20231106_103323\\Sauce Labs\\20231106_103324"/>
         <property name="logFiles" value="C:\\Users\\muhammad.nurfaizi\\Katalon Studio\\WebTestSauceDemo\\Reports\\20231106_103323\\Sauce Labs\\20231106_103324\\execution0.log"/>
         <property name="attachments" value="C:\\Users\\muhammad.nurfaizi\\Katalon Studio\\WebTestSauceDemo\\Reports\\20231106_103323\\Sauce Labs\\20231106_103324\\1699241682099.png, C:\\Users\\muhammad.nurfaizi\\Katalon Studio\\WebTestSauceDemo\\Reports\\20231106_103323\\Sauce Labs\\20231106_103324\\1699241682169.png"/>
         <property name="hostName" value="muhammad.nurfaizi - BA-00018037"/>
         <property name="os" value="Windows 10 64bit"/>
         <property name="katalonVersion" value="8.6.0.208"/>
         <property name="browser" value="Chrome 119.0.6045.106"/>
         <property name="hostAddress" value="172.31.73.0"/>
         <property name="sessionId" value="0d3f47462754751dfb586492969485be"/>
         <property name="seleniumVersion" value="3.141.59"/>
         <property name="proxyInformation" value="ProxyInformation { proxyOption=NO_PROXY, proxyServerType=HTTP, username=, password=********, proxyServerAddress=, proxyServerPort=0, executionList=&quot;&quot;, isApplyToDesiredCapabilities=true }"/>
         <property name="platform" value="Windows 10"/>
      </properties>
      <testcase name="Test Cases/LoginSauce" time="5.672" classname="Test Cases/LoginSauce" status="PASSED">
         <system-out><![CDATA[2023-11-06 10:33:39 - [TEST_CASE][PASSED] - Test Cases/LoginSauce: Test Cases/LoginSauce

2023-11-06 10:33:39 - [TEST_STEP][PASSED] - openBrowser(""): Browser is opened with url: ''

2023-11-06 10:33:40 - [MESSAGE][INFO] - Starting 'Chrome (headless)' driver

2023-11-06 10:33:40 - [MESSAGE][INFO] - Action delay is set to 0 milliseconds

2023-11-06 10:33:43 - [MESSAGE][PASSED] - Browser is opened with url: ''

2023-11-06 10:33:43 - [TEST_STEP][PASSED] - navigateToUrl("https://www.saucedemo.com/"): Navigate to 'https://www.saucedemo.com/' successfully

2023-11-06 10:33:43 - [MESSAGE][PASSED] - Navigate to 'https://www.saucedemo.com/' successfully

2023-11-06 10:33:43 - [TEST_STEP][PASSED] - setText(findTestObject("Object Repository/Page_Swag Labs/input_Swag Labs_user-name"), "standard_user"): Text 'standard_user' is set on object 'Object Repository/Page_Swag Labs/input_Swag Labs_user-name'

2023-11-06 10:33:44 - [MESSAGE][PASSED] - Text 'standard_user' is set on object 'Object Repository/Page_Swag Labs/input_Swag Labs_user-name'

2023-11-06 10:33:44 - [TEST_STEP][PASSED] - setEncryptedText(findTestObject("Object Repository/Page_Swag Labs/input_Swag Labs_password"), "qcu24s4901FyWDTwXGr6XA=="): Text ****** has been set on object 'Object Repository/Page_Swag Labs/input_Swag Labs_password'

2023-11-06 10:33:44 - [MESSAGE][PASSED] - Text ****** has been set on object 'Object Repository/Page_Swag Labs/input_Swag Labs_password'

2023-11-06 10:33:44 - [TEST_STEP][PASSED] - click(findTestObject("Object Repository/Page_Swag Labs/input_Swag Labs_login-button")): Object: 'Object Repository/Page_Swag Labs/input_Swag Labs_login-button' is clicked on

2023-11-06 10:33:44 - [MESSAGE][PASSED] - Object: 'Object Repository/Page_Swag Labs/input_Swag Labs_login-button' is clicked on

2023-11-06 10:33:44 - [TEST_STEP][PASSED] - verifyElementText(findTestObject("Object Repository/Page_Swag Labs/div_Swag Labs"), "Swag Labs"): Actual text and expected text of test object 'Object Repository/Page_Swag Labs/div_Swag Labs' are matched.

2023-11-06 10:33:44 - [MESSAGE][PASSED] - Actual text and expected text of test object 'Object Repository/Page_Swag Labs/div_Swag Labs' are matched.]]></system-out>
         <system-err><![CDATA[]]></system-err>
      </testcase>
      <testcase name="Test Cases/AddCartSauce" time="4.693" classname="Test Cases/AddCartSauce" status="PASSED">
         <system-out><![CDATA[2023-11-06 10:33:44 - [TEST_CASE][PASSED] - Test Cases/AddCartSauce: Test Cases/AddCartSauce

2023-11-06 10:33:45 - [TEST_STEP][PASSED] - callTestCase(findTestCase("LoginSauce"), [:], STOP_ON_FAILURE): Call Test Case 'Test Cases/LoginSauce' successfully

2023-11-06 10:33:45 - [TEST_CASE][PASSED] - Test Cases/LoginSauce: Test Cases/LoginSauce

2023-11-06 10:33:45 - [TEST_STEP][PASSED] - openBrowser(""): Browser is opened with url: ''

2023-11-06 10:33:45 - [MESSAGE][WARNING] - A browser is already opened. Closing browser and opening a new one

2023-11-06 10:33:46 - [MESSAGE][INFO] - Starting 'Chrome (headless)' driver

2023-11-06 10:33:46 - [MESSAGE][INFO] - Action delay is set to 0 milliseconds

2023-11-06 10:33:47 - [MESSAGE][PASSED] - Browser is opened with url: ''

2023-11-06 10:33:47 - [TEST_STEP][PASSED] - navigateToUrl("https://www.saucedemo.com/"): Navigate to 'https://www.saucedemo.com/' successfully

2023-11-06 10:33:48 - [MESSAGE][PASSED] - Navigate to 'https://www.saucedemo.com/' successfully

2023-11-06 10:33:48 - [TEST_STEP][PASSED] - setText(findTestObject("Object Repository/Page_Swag Labs/input_Swag Labs_user-name"), "standard_user"): Text 'standard_user' is set on object 'Object Repository/Page_Swag Labs/input_Swag Labs_user-name'

2023-11-06 10:33:48 - [MESSAGE][PASSED] - Text 'standard_user' is set on object 'Object Repository/Page_Swag Labs/input_Swag Labs_user-name'

2023-11-06 10:33:48 - [TEST_STEP][PASSED] - setEncryptedText(findTestObject("Object Repository/Page_Swag Labs/input_Swag Labs_password"), "qcu24s4901FyWDTwXGr6XA=="): Text ****** has been set on object 'Object Repository/Page_Swag Labs/input_Swag Labs_password'

2023-11-06 10:33:48 - [MESSAGE][PASSED] - Text ****** has been set on object 'Object Repository/Page_Swag Labs/input_Swag Labs_password'

2023-11-06 10:33:48 - [TEST_STEP][PASSED] - click(findTestObject("Object Repository/Page_Swag Labs/input_Swag Labs_login-button")): Object: 'Object Repository/Page_Swag Labs/input_Swag Labs_login-button' is clicked on

2023-11-06 10:33:49 - [MESSAGE][PASSED] - Object: 'Object Repository/Page_Swag Labs/input_Swag Labs_login-button' is clicked on

2023-11-06 10:33:49 - [TEST_STEP][PASSED] - verifyElementText(findTestObject("Object Repository/Page_Swag Labs/div_Swag Labs"), "Swag Labs"): Actual text and expected text of test object 'Object Repository/Page_Swag Labs/div_Swag Labs' are matched.

2023-11-06 10:33:49 - [MESSAGE][PASSED] - Actual text and expected text of test object 'Object Repository/Page_Swag Labs/div_Swag Labs' are matched.

2023-11-06 10:33:49 - [MESSAGE][PASSED] - Call Test Case 'Test Cases/LoginSauce' successfully

2023-11-06 10:33:49 - [TEST_STEP][PASSED] - click(findTestObject("Object Repository/Page_Swag Labs/button_Add to cart")): Object: 'Object Repository/Page_Swag Labs/button_Add to cart' is clicked on

2023-11-06 10:33:49 - [MESSAGE][PASSED] - Object: 'Object Repository/Page_Swag Labs/button_Add to cart' is clicked on

2023-11-06 10:33:49 - [TEST_STEP][PASSED] - click(findTestObject("Object Repository/Page_Swag Labs/span_1")): Object: 'Object Repository/Page_Swag Labs/span_1' is clicked on

2023-11-06 10:33:49 - [MESSAGE][PASSED] - Object: 'Object Repository/Page_Swag Labs/span_1' is clicked on

2023-11-06 10:33:49 - [TEST_STEP][PASSED] - verifyElementVisible(findTestObject("Object Repository/Page_Swag Labs/div_Sauce Labs Backpackcarry.allTheThings()_a0841a")): Object 'Object Repository/Page_Swag Labs/div_Sauce Labs Backpackcarry.allTheThings()_a0841a' is visible

2023-11-06 10:33:49 - [MESSAGE][PASSED] - Object 'Object Repository/Page_Swag Labs/div_Sauce Labs Backpackcarry.allTheThings()_a0841a' is visible]]></system-out>
         <system-err><![CDATA[]]></system-err>
      </testcase>
      <testcase name="Test Cases/Checkout" time="7.978" classname="Test Cases/Checkout" status="PASSED">
         <system-out><![CDATA[2023-11-06 10:33:49 - [TEST_CASE][PASSED] - Test Cases/Checkout: Test Cases/Checkout

2023-11-06 10:33:49 - [TEST_STEP][PASSED] - callTestCase(findTestCase("AddCartSauce"), [:], STOP_ON_FAILURE): Call Test Case 'Test Cases/AddCartSauce' successfully

2023-11-06 10:33:50 - [TEST_CASE][PASSED] - Test Cases/AddCartSauce: Test Cases/AddCartSauce

2023-11-06 10:33:50 - [TEST_STEP][PASSED] - callTestCase(findTestCase("LoginSauce"), [:], STOP_ON_FAILURE): Call Test Case 'Test Cases/LoginSauce' successfully

2023-11-06 10:33:50 - [TEST_CASE][PASSED] - Test Cases/LoginSauce: Test Cases/LoginSauce

2023-11-06 10:33:50 - [TEST_STEP][PASSED] - openBrowser(""): Browser is opened with url: ''

2023-11-06 10:33:50 - [MESSAGE][WARNING] - A browser is already opened. Closing browser and opening a new one

2023-11-06 10:33:50 - [MESSAGE][INFO] - Starting 'Chrome (headless)' driver

2023-11-06 10:33:50 - [MESSAGE][INFO] - Action delay is set to 0 milliseconds

2023-11-06 10:33:52 - [MESSAGE][PASSED] - Browser is opened with url: ''

2023-11-06 10:33:52 - [TEST_STEP][PASSED] - navigateToUrl("https://www.saucedemo.com/"): Navigate to 'https://www.saucedemo.com/' successfully

2023-11-06 10:33:53 - [MESSAGE][PASSED] - Navigate to 'https://www.saucedemo.com/' successfully

2023-11-06 10:33:53 - [TEST_STEP][PASSED] - setText(findTestObject("Object Repository/Page_Swag Labs/input_Swag Labs_user-name"), "standard_user"): Text 'standard_user' is set on object 'Object Repository/Page_Swag Labs/input_Swag Labs_user-name'

2023-11-06 10:33:54 - [MESSAGE][PASSED] - Text 'standard_user' is set on object 'Object Repository/Page_Swag Labs/input_Swag Labs_user-name'

2023-11-06 10:33:54 - [TEST_STEP][PASSED] - setEncryptedText(findTestObject("Object Repository/Page_Swag Labs/input_Swag Labs_password"), "qcu24s4901FyWDTwXGr6XA=="): Text ****** has been set on object 'Object Repository/Page_Swag Labs/input_Swag Labs_password'

2023-11-06 10:33:54 - [MESSAGE][PASSED] - Text ****** has been set on object 'Object Repository/Page_Swag Labs/input_Swag Labs_password'

2023-11-06 10:33:54 - [TEST_STEP][PASSED] - click(findTestObject("Object Repository/Page_Swag Labs/input_Swag Labs_login-button")): Object: 'Object Repository/Page_Swag Labs/input_Swag Labs_login-button' is clicked on

2023-11-06 10:33:54 - [MESSAGE][PASSED] - Object: 'Object Repository/Page_Swag Labs/input_Swag Labs_login-button' is clicked on

2023-11-06 10:33:54 - [TEST_STEP][PASSED] - verifyElementText(findTestObject("Object Repository/Page_Swag Labs/div_Swag Labs"), "Swag Labs"): Actual text and expected text of test object 'Object Repository/Page_Swag Labs/div_Swag Labs' are matched.

2023-11-06 10:33:54 - [MESSAGE][PASSED] - Actual text and expected text of test object 'Object Repository/Page_Swag Labs/div_Swag Labs' are matched.

2023-11-06 10:33:54 - [MESSAGE][PASSED] - Call Test Case 'Test Cases/LoginSauce' successfully

2023-11-06 10:33:54 - [TEST_STEP][PASSED] - click(findTestObject("Object Repository/Page_Swag Labs/button_Add to cart")): Object: 'Object Repository/Page_Swag Labs/button_Add to cart' is clicked on

2023-11-06 10:33:55 - [MESSAGE][PASSED] - Object: 'Object Repository/Page_Swag Labs/button_Add to cart' is clicked on

2023-11-06 10:33:55 - [TEST_STEP][PASSED] - click(findTestObject("Object Repository/Page_Swag Labs/span_1")): Object: 'Object Repository/Page_Swag Labs/span_1' is clicked on

2023-11-06 10:33:55 - [MESSAGE][PASSED] - Object: 'Object Repository/Page_Swag Labs/span_1' is clicked on

2023-11-06 10:33:55 - [TEST_STEP][PASSED] - verifyElementVisible(findTestObject("Object Repository/Page_Swag Labs/div_Sauce Labs Backpackcarry.allTheThings()_a0841a")): Object 'Object Repository/Page_Swag Labs/div_Sauce Labs Backpackcarry.allTheThings()_a0841a' is visible

2023-11-06 10:33:55 - [MESSAGE][PASSED] - Object 'Object Repository/Page_Swag Labs/div_Sauce Labs Backpackcarry.allTheThings()_a0841a' is visible

2023-11-06 10:33:55 - [MESSAGE][PASSED] - Call Test Case 'Test Cases/AddCartSauce' successfully

2023-11-06 10:33:55 - [TEST_STEP][PASSED] - verifyElementVisible(findTestObject("Object Repository/Page_Swag Labs/button_Checkout")): Object 'Object Repository/Page_Swag Labs/button_Checkout' is visible

2023-11-06 10:33:55 - [MESSAGE][PASSED] - Object 'Object Repository/Page_Swag Labs/button_Checkout' is visible

2023-11-06 10:33:55 - [TEST_STEP][PASSED] - click(findTestObject("Object Repository/Page_Swag Labs/button_Checkout")): Object: 'Object Repository/Page_Swag Labs/button_Checkout' is clicked on

2023-11-06 10:33:55 - [MESSAGE][PASSED] - Object: 'Object Repository/Page_Swag Labs/button_Checkout' is clicked on

2023-11-06 10:33:55 - [TEST_STEP][PASSED] - setText(findTestObject("Object Repository/Page_Swag Labs/input_Checkout Your Information_firstName"), "test"): Text 'test' is set on object 'Object Repository/Page_Swag Labs/input_Checkout Your Information_firstName'

2023-11-06 10:33:56 - [MESSAGE][PASSED] - Text 'test' is set on object 'Object Repository/Page_Swag Labs/input_Checkout Your Information_firstName'

2023-11-06 10:33:56 - [TEST_STEP][PASSED] - setText(findTestObject("Object Repository/Page_Swag Labs/input_Checkout Your Information_lastName"), "test"): Text 'test' is set on object 'Object Repository/Page_Swag Labs/input_Checkout Your Information_lastName'

2023-11-06 10:33:56 - [MESSAGE][PASSED] - Text 'test' is set on object 'Object Repository/Page_Swag Labs/input_Checkout Your Information_lastName'

2023-11-06 10:33:56 - [TEST_STEP][PASSED] - setText(findTestObject("Object Repository/Page_Swag Labs/input_Checkout Your Information_postalCode"), "123"): Text '123' is set on object 'Object Repository/Page_Swag Labs/input_Checkout Your Information_postalCode'

2023-11-06 10:33:56 - [MESSAGE][PASSED] - Text '123' is set on object 'Object Repository/Page_Swag Labs/input_Checkout Your Information_postalCode'

2023-11-06 10:33:56 - [TEST_STEP][PASSED] - verifyElementVisible(findTestObject("Object Repository/Page_Swag Labs/input_Cancel_continue")): Object 'Object Repository/Page_Swag Labs/input_Cancel_continue' is visible

2023-11-06 10:33:57 - [MESSAGE][PASSED] - Object 'Object Repository/Page_Swag Labs/input_Cancel_continue' is visible

2023-11-06 10:33:57 - [TEST_STEP][PASSED] - click(findTestObject("Object Repository/Page_Swag Labs/input_Cancel_continue")): Object: 'Object Repository/Page_Swag Labs/input_Cancel_continue' is clicked on

2023-11-06 10:33:57 - [MESSAGE][PASSED] - Object: 'Object Repository/Page_Swag Labs/input_Cancel_continue' is clicked on

2023-11-06 10:33:57 - [TEST_STEP][PASSED] - verifyElementText(findTestObject("Object Repository/Page_Swag Labs/div_Checkout Overview"), "Checkout: Overview"): Actual text and expected text of test object 'Object Repository/Page_Swag Labs/div_Checkout Overview' are matched.

2023-11-06 10:33:57 - [MESSAGE][PASSED] - Actual text and expected text of test object 'Object Repository/Page_Swag Labs/div_Checkout Overview' are matched.]]></system-out>
         <system-err><![CDATA[]]></system-err>
      </testcase>
      <testcase name="Test Cases/FinishOrder" time="44.632" classname="Test Cases/FinishOrder" status="FAILED">
         <failure type="FAILED" message="Test Cases/FinishOrder FAILED.
Reason:
com.kms.katalon.core.exception.StepFailedException: Verify element text of test object 'Object Repository/Page_Swag Labs/h2_Thank you for your order' FAILED.
	at com.kms.katalon.core.webui.keyword.internal.WebUIKeywordMain.stepFailed(WebUIKeywordMain.groovy:64)
	at com.kms.katalon.core.webui.keyword.internal.WebUIKeywordMain.runKeyword(WebUIKeywordMain.groovy:26)
	at com.kms.katalon.core.webui.keyword.builtin.VerifyElementTextKeyword.verifyElementText(VerifyElementTextKeyword.groovy:72)
	at com.kms.katalon.core.webui.keyword.builtin.VerifyElementTextKeyword.execute(VerifyElementTextKeyword.groovy:40)
	at com.kms.katalon.core.keyword.internal.KeywordExecutor.executeKeywordForPlatform(KeywordExecutor.groovy:74)
	at com.kms.katalon.core.webui.keyword.WebUiBuiltInKeywords.verifyElementText(WebUiBuiltInKeywords.groovy:4749)
	at com.kms.katalon.core.webui.keyword.WebUiBuiltInKeywords$verifyElementText$4.call(Unknown Source)
	at FinishOrder.run(FinishOrder:28)
	at com.kms.katalon.core.main.ScriptEngine.run(ScriptEngine.java:194)
	at com.kms.katalon.core.main.ScriptEngine.runScriptAsRawText(ScriptEngine.java:119)
	at com.kms.katalon.core.main.TestCaseExecutor.runScript(TestCaseExecutor.java:448)
	at com.kms.katalon.core.main.TestCaseExecutor.doExecute(TestCaseExecutor.java:439)
	at com.kms.katalon.core.main.TestCaseExecutor.processExecutionPhase(TestCaseExecutor.java:418)
	at com.kms.katalon.core.main.TestCaseExecutor.accessMainPhase(TestCaseExecutor.java:410)
	at com.kms.katalon.core.main.TestCaseExecutor.execute(TestCaseExecutor.java:285)
	at com.kms.katalon.core.common.CommonExecutor.accessTestCaseMainPhase(CommonExecutor.java:65)
	at com.kms.katalon.core.main.TestSuiteExecutor.accessTestSuiteMainPhase(TestSuiteExecutor.java:148)
	at com.kms.katalon.core.main.TestSuiteExecutor.execute(TestSuiteExecutor.java:106)
	at com.kms.katalon.core.main.TestCaseMain.startTestSuite(TestCaseMain.java:187)
	at com.kms.katalon.core.main.TestCaseMain$startTestSuite$0.call(Unknown Source)
	at TempTestSuite1699241604942.run(TempTestSuite1699241604942.groovy:36)
Caused by: com.kms.katalon.core.exception.StepFailedException: com.kms.katalon.core.webui.exception.WebElementNotFoundException: Web element with id: 'Object Repository/Page_Swag Labs/h2_Thank you for your order' located by '' not found
	at com.kms.katalon.core.webui.keyword.internal.WebUIKeywordMain.stepFailed(WebUIKeywordMain.groovy:64)
	at com.kms.katalon.core.webui.keyword.builtin.VerifyElementTextKeyword$_verifyElementText_closure1.doCall(VerifyElementTextKeyword.groovy:64)
	at com.kms.katalon.core.webui.keyword.builtin.VerifyElementTextKeyword$_verifyElementText_closure1.call(VerifyElementTextKeyword.groovy)
	at com.kms.katalon.core.webui.keyword.internal.WebUIKeywordMain.runKeyword(WebUIKeywordMain.groovy:20)
	... 19 more
"/>
         <system-out><![CDATA[2023-11-06 10:33:57 - [TEST_CASE][FAILED] - Test Cases/FinishOrder: Test Cases/FinishOrder FAILED.
Reason:
com.kms.katalon.core.exception.StepFailedException: Verify element text of test object 'Object Repository/Page_Swag Labs/h2_Thank you for your order' FAILED.
	at com.kms.katalon.core.webui.keyword.internal.WebUIKeywordMain.stepFailed(WebUIKeywordMain.groovy:64)
	at com.kms.katalon.core.webui.keyword.internal.WebUIKeywordMain.runKeyword(WebUIKeywordMain.groovy:26)
	at com.kms.katalon.core.webui.keyword.builtin.VerifyElementTextKeyword.verifyElementText(VerifyElementTextKeyword.groovy:72)
	at com.kms.katalon.core.webui.keyword.builtin.VerifyElementTextKeyword.execute(VerifyElementTextKeyword.groovy:40)
	at com.kms.katalon.core.keyword.internal.KeywordExecutor.executeKeywordForPlatform(KeywordExecutor.groovy:74)
	at com.kms.katalon.core.webui.keyword.WebUiBuiltInKeywords.verifyElementText(WebUiBuiltInKeywords.groovy:4749)
	at com.kms.katalon.core.webui.keyword.WebUiBuiltInKeywords$verifyElementText$4.call(Unknown Source)
	at FinishOrder.run(FinishOrder:28)
	at com.kms.katalon.core.main.ScriptEngine.run(ScriptEngine.java:194)
	at com.kms.katalon.core.main.ScriptEngine.runScriptAsRawText(ScriptEngine.java:119)
	at com.kms.katalon.core.main.TestCaseExecutor.runScript(TestCaseExecutor.java:448)
	at com.kms.katalon.core.main.TestCaseExecutor.doExecute(TestCaseExecutor.java:439)
	at com.kms.katalon.core.main.TestCaseExecutor.processExecutionPhase(TestCaseExecutor.java:418)
	at com.kms.katalon.core.main.TestCaseExecutor.accessMainPhase(TestCaseExecutor.java:410)
	at com.kms.katalon.core.main.TestCaseExecutor.execute(TestCaseExecutor.java:285)
	at com.kms.katalon.core.common.CommonExecutor.accessTestCaseMainPhase(CommonExecutor.java:65)
	at com.kms.katalon.core.main.TestSuiteExecutor.accessTestSuiteMainPhase(TestSuiteExecutor.java:148)
	at com.kms.katalon.core.main.TestSuiteExecutor.execute(TestSuiteExecutor.java:106)
	at com.kms.katalon.core.main.TestCaseMain.startTestSuite(TestCaseMain.java:187)
	at com.kms.katalon.core.main.TestCaseMain$startTestSuite$0.call(Unknown Source)
	at TempTestSuite1699241604942.run(TempTestSuite1699241604942.groovy:36)
Caused by: com.kms.katalon.core.exception.StepFailedException: com.kms.katalon.core.webui.exception.WebElementNotFoundException: Web element with id: 'Object Repository/Page_Swag Labs/h2_Thank you for your order' located by '' not found
	at com.kms.katalon.core.webui.keyword.internal.WebUIKeywordMain.stepFailed(WebUIKeywordMain.groovy:64)
	at com.kms.katalon.core.webui.keyword.builtin.VerifyElementTextKeyword$_verifyElementText_closure1.doCall(VerifyElementTextKeyword.groovy:64)
	at com.kms.katalon.core.webui.keyword.builtin.VerifyElementTextKeyword$_verifyElementText_closure1.call(VerifyElementTextKeyword.groovy)
	at com.kms.katalon.core.webui.keyword.internal.WebUIKeywordMain.runKeyword(WebUIKeywordMain.groovy:20)
	... 19 more


2023-11-06 10:33:58 - [TEST_STEP][PASSED] - callTestCase(findTestCase("Checkout"), [:], STOP_ON_FAILURE): Call Test Case 'Test Cases/Checkout' successfully

2023-11-06 10:33:58 - [TEST_CASE][PASSED] - Test Cases/Checkout: Test Cases/Checkout

2023-11-06 10:33:58 - [TEST_STEP][PASSED] - callTestCase(findTestCase("AddCartSauce"), [:], STOP_ON_FAILURE): Call Test Case 'Test Cases/AddCartSauce' successfully

2023-11-06 10:33:58 - [TEST_CASE][PASSED] - Test Cases/AddCartSauce: Test Cases/AddCartSauce

2023-11-06 10:33:58 - [TEST_STEP][PASSED] - callTestCase(findTestCase("LoginSauce"), [:], STOP_ON_FAILURE): Call Test Case 'Test Cases/LoginSauce' successfully

2023-11-06 10:33:58 - [TEST_CASE][PASSED] - Test Cases/LoginSauce: Test Cases/LoginSauce

2023-11-06 10:33:58 - [TEST_STEP][PASSED] - openBrowser(""): Browser is opened with url: ''

2023-11-06 10:33:58 - [MESSAGE][WARNING] - A browser is already opened. Closing browser and opening a new one

2023-11-06 10:33:59 - [MESSAGE][INFO] - Starting 'Chrome (headless)' driver

2023-11-06 10:33:59 - [MESSAGE][INFO] - Action delay is set to 0 milliseconds

2023-11-06 10:34:00 - [MESSAGE][PASSED] - Browser is opened with url: ''

2023-11-06 10:34:00 - [TEST_STEP][PASSED] - navigateToUrl("https://www.saucedemo.com/"): Navigate to 'https://www.saucedemo.com/' successfully

2023-11-06 10:34:01 - [MESSAGE][PASSED] - Navigate to 'https://www.saucedemo.com/' successfully

2023-11-06 10:34:01 - [TEST_STEP][PASSED] - setText(findTestObject("Object Repository/Page_Swag Labs/input_Swag Labs_user-name"), "standard_user"): Text 'standard_user' is set on object 'Object Repository/Page_Swag Labs/input_Swag Labs_user-name'

2023-11-06 10:34:01 - [MESSAGE][PASSED] - Text 'standard_user' is set on object 'Object Repository/Page_Swag Labs/input_Swag Labs_user-name'

2023-11-06 10:34:01 - [TEST_STEP][PASSED] - setEncryptedText(findTestObject("Object Repository/Page_Swag Labs/input_Swag Labs_password"), "qcu24s4901FyWDTwXGr6XA=="): Text ****** has been set on object 'Object Repository/Page_Swag Labs/input_Swag Labs_password'

2023-11-06 10:34:01 - [MESSAGE][PASSED] - Text ****** has been set on object 'Object Repository/Page_Swag Labs/input_Swag Labs_password'

2023-11-06 10:34:01 - [TEST_STEP][PASSED] - click(findTestObject("Object Repository/Page_Swag Labs/input_Swag Labs_login-button")): Object: 'Object Repository/Page_Swag Labs/input_Swag Labs_login-button' is clicked on

2023-11-06 10:34:02 - [MESSAGE][PASSED] - Object: 'Object Repository/Page_Swag Labs/input_Swag Labs_login-button' is clicked on

2023-11-06 10:34:02 - [TEST_STEP][PASSED] - verifyElementText(findTestObject("Object Repository/Page_Swag Labs/div_Swag Labs"), "Swag Labs"): Actual text and expected text of test object 'Object Repository/Page_Swag Labs/div_Swag Labs' are matched.

2023-11-06 10:34:02 - [MESSAGE][PASSED] - Actual text and expected text of test object 'Object Repository/Page_Swag Labs/div_Swag Labs' are matched.

2023-11-06 10:34:02 - [MESSAGE][PASSED] - Call Test Case 'Test Cases/LoginSauce' successfully

2023-11-06 10:34:02 - [TEST_STEP][PASSED] - click(findTestObject("Object Repository/Page_Swag Labs/button_Add to cart")): Object: 'Object Repository/Page_Swag Labs/button_Add to cart' is clicked on

2023-11-06 10:34:02 - [MESSAGE][PASSED] - Object: 'Object Repository/Page_Swag Labs/button_Add to cart' is clicked on

2023-11-06 10:34:02 - [TEST_STEP][PASSED] - click(findTestObject("Object Repository/Page_Swag Labs/span_1")): Object: 'Object Repository/Page_Swag Labs/span_1' is clicked on

2023-11-06 10:34:02 - [MESSAGE][PASSED] - Object: 'Object Repository/Page_Swag Labs/span_1' is clicked on

2023-11-06 10:34:02 - [TEST_STEP][PASSED] - verifyElementVisible(findTestObject("Object Repository/Page_Swag Labs/div_Sauce Labs Backpackcarry.allTheThings()_a0841a")): Object 'Object Repository/Page_Swag Labs/div_Sauce Labs Backpackcarry.allTheThings()_a0841a' is visible

2023-11-06 10:34:03 - [MESSAGE][PASSED] - Object 'Object Repository/Page_Swag Labs/div_Sauce Labs Backpackcarry.allTheThings()_a0841a' is visible

2023-11-06 10:34:03 - [MESSAGE][PASSED] - Call Test Case 'Test Cases/AddCartSauce' successfully

2023-11-06 10:34:03 - [TEST_STEP][PASSED] - verifyElementVisible(findTestObject("Object Repository/Page_Swag Labs/button_Checkout")): Object 'Object Repository/Page_Swag Labs/button_Checkout' is visible

2023-11-06 10:34:03 - [MESSAGE][PASSED] - Object 'Object Repository/Page_Swag Labs/button_Checkout' is visible

2023-11-06 10:34:03 - [TEST_STEP][PASSED] - click(findTestObject("Object Repository/Page_Swag Labs/button_Checkout")): Object: 'Object Repository/Page_Swag Labs/button_Checkout' is clicked on

2023-11-06 10:34:03 - [MESSAGE][PASSED] - Object: 'Object Repository/Page_Swag Labs/button_Checkout' is clicked on

2023-11-06 10:34:03 - [TEST_STEP][PASSED] - setText(findTestObject("Object Repository/Page_Swag Labs/input_Checkout Your Information_firstName"), "test"): Text 'test' is set on object 'Object Repository/Page_Swag Labs/input_Checkout Your Information_firstName'

2023-11-06 10:34:03 - [MESSAGE][PASSED] - Text 'test' is set on object 'Object Repository/Page_Swag Labs/input_Checkout Your Information_firstName'

2023-11-06 10:34:03 - [TEST_STEP][PASSED] - setText(findTestObject("Object Repository/Page_Swag Labs/input_Checkout Your Information_lastName"), "test"): Text 'test' is set on object 'Object Repository/Page_Swag Labs/input_Checkout Your Information_lastName'

2023-11-06 10:34:04 - [MESSAGE][PASSED] - Text 'test' is set on object 'Object Repository/Page_Swag Labs/input_Checkout Your Information_lastName'

2023-11-06 10:34:04 - [TEST_STEP][PASSED] - setText(findTestObject("Object Repository/Page_Swag Labs/input_Checkout Your Information_postalCode"), "123"): Text '123' is set on object 'Object Repository/Page_Swag Labs/input_Checkout Your Information_postalCode'

2023-11-06 10:34:04 - [MESSAGE][PASSED] - Text '123' is set on object 'Object Repository/Page_Swag Labs/input_Checkout Your Information_postalCode'

2023-11-06 10:34:04 - [TEST_STEP][PASSED] - verifyElementVisible(findTestObject("Object Repository/Page_Swag Labs/input_Cancel_continue")): Object 'Object Repository/Page_Swag Labs/input_Cancel_continue' is visible

2023-11-06 10:34:04 - [MESSAGE][PASSED] - Object 'Object Repository/Page_Swag Labs/input_Cancel_continue' is visible

2023-11-06 10:34:04 - [TEST_STEP][PASSED] - click(findTestObject("Object Repository/Page_Swag Labs/input_Cancel_continue")): Object: 'Object Repository/Page_Swag Labs/input_Cancel_continue' is clicked on

2023-11-06 10:34:04 - [MESSAGE][PASSED] - Object: 'Object Repository/Page_Swag Labs/input_Cancel_continue' is clicked on

2023-11-06 10:34:04 - [TEST_STEP][PASSED] - verifyElementText(findTestObject("Object Repository/Page_Swag Labs/div_Checkout Overview"), "Checkout: Overview"): Actual text and expected text of test object 'Object Repository/Page_Swag Labs/div_Checkout Overview' are matched.

2023-11-06 10:34:05 - [MESSAGE][PASSED] - Actual text and expected text of test object 'Object Repository/Page_Swag Labs/div_Checkout Overview' are matched.

2023-11-06 10:34:05 - [MESSAGE][PASSED] - Call Test Case 'Test Cases/Checkout' successfully

2023-11-06 10:34:05 - [TEST_STEP][PASSED] - callTestCase(findTestCase("Checkout"), [:], STOP_ON_FAILURE): Call Test Case 'Test Cases/Checkout' successfully

2023-11-06 10:34:05 - [TEST_CASE][PASSED] - Test Cases/Checkout: Test Cases/Checkout

2023-11-06 10:34:05 - [TEST_STEP][PASSED] - callTestCase(findTestCase("AddCartSauce"), [:], STOP_ON_FAILURE): Call Test Case 'Test Cases/AddCartSauce' successfully

2023-11-06 10:34:05 - [TEST_CASE][PASSED] - Test Cases/AddCartSauce: Test Cases/AddCartSauce

2023-11-06 10:34:05 - [TEST_STEP][PASSED] - callTestCase(findTestCase("LoginSauce"), [:], STOP_ON_FAILURE): Call Test Case 'Test Cases/LoginSauce' successfully

2023-11-06 10:34:05 - [TEST_CASE][PASSED] - Test Cases/LoginSauce: Test Cases/LoginSauce

2023-11-06 10:34:05 - [TEST_STEP][PASSED] - openBrowser(""): Browser is opened with url: ''

2023-11-06 10:34:05 - [MESSAGE][WARNING] - A browser is already opened. Closing browser and opening a new one

2023-11-06 10:34:05 - [MESSAGE][INFO] - Starting 'Chrome (headless)' driver

2023-11-06 10:34:05 - [MESSAGE][INFO] - Action delay is set to 0 milliseconds

2023-11-06 10:34:07 - [MESSAGE][PASSED] - Browser is opened with url: ''

2023-11-06 10:34:07 - [TEST_STEP][PASSED] - navigateToUrl("https://www.saucedemo.com/"): Navigate to 'https://www.saucedemo.com/' successfully

2023-11-06 10:34:08 - [MESSAGE][PASSED] - Navigate to 'https://www.saucedemo.com/' successfully

2023-11-06 10:34:08 - [TEST_STEP][PASSED] - setText(findTestObject("Object Repository/Page_Swag Labs/input_Swag Labs_user-name"), "standard_user"): Text 'standard_user' is set on object 'Object Repository/Page_Swag Labs/input_Swag Labs_user-name'

2023-11-06 10:34:08 - [MESSAGE][PASSED] - Text 'standard_user' is set on object 'Object Repository/Page_Swag Labs/input_Swag Labs_user-name'

2023-11-06 10:34:08 - [TEST_STEP][PASSED] - setEncryptedText(findTestObject("Object Repository/Page_Swag Labs/input_Swag Labs_password"), "qcu24s4901FyWDTwXGr6XA=="): Text ****** has been set on object 'Object Repository/Page_Swag Labs/input_Swag Labs_password'

2023-11-06 10:34:08 - [MESSAGE][PASSED] - Text ****** has been set on object 'Object Repository/Page_Swag Labs/input_Swag Labs_password'

2023-11-06 10:34:08 - [TEST_STEP][PASSED] - click(findTestObject("Object Repository/Page_Swag Labs/input_Swag Labs_login-button")): Object: 'Object Repository/Page_Swag Labs/input_Swag Labs_login-button' is clicked on

2023-11-06 10:34:08 - [MESSAGE][PASSED] - Object: 'Object Repository/Page_Swag Labs/input_Swag Labs_login-button' is clicked on

2023-11-06 10:34:08 - [TEST_STEP][PASSED] - verifyElementText(findTestObject("Object Repository/Page_Swag Labs/div_Swag Labs"), "Swag Labs"): Actual text and expected text of test object 'Object Repository/Page_Swag Labs/div_Swag Labs' are matched.

2023-11-06 10:34:08 - [MESSAGE][PASSED] - Actual text and expected text of test object 'Object Repository/Page_Swag Labs/div_Swag Labs' are matched.

2023-11-06 10:34:08 - [MESSAGE][PASSED] - Call Test Case 'Test Cases/LoginSauce' successfully

2023-11-06 10:34:08 - [TEST_STEP][PASSED] - click(findTestObject("Object Repository/Page_Swag Labs/button_Add to cart")): Object: 'Object Repository/Page_Swag Labs/button_Add to cart' is clicked on

2023-11-06 10:34:09 - [MESSAGE][PASSED] - Object: 'Object Repository/Page_Swag Labs/button_Add to cart' is clicked on

2023-11-06 10:34:09 - [TEST_STEP][PASSED] - click(findTestObject("Object Repository/Page_Swag Labs/span_1")): Object: 'Object Repository/Page_Swag Labs/span_1' is clicked on

2023-11-06 10:34:09 - [MESSAGE][PASSED] - Object: 'Object Repository/Page_Swag Labs/span_1' is clicked on

2023-11-06 10:34:09 - [TEST_STEP][PASSED] - verifyElementVisible(findTestObject("Object Repository/Page_Swag Labs/div_Sauce Labs Backpackcarry.allTheThings()_a0841a")): Object 'Object Repository/Page_Swag Labs/div_Sauce Labs Backpackcarry.allTheThings()_a0841a' is visible

2023-11-06 10:34:09 - [MESSAGE][PASSED] - Object 'Object Repository/Page_Swag Labs/div_Sauce Labs Backpackcarry.allTheThings()_a0841a' is visible

2023-11-06 10:34:09 - [MESSAGE][PASSED] - Call Test Case 'Test Cases/AddCartSauce' successfully

2023-11-06 10:34:09 - [TEST_STEP][PASSED] - verifyElementVisible(findTestObject("Object Repository/Page_Swag Labs/button_Checkout")): Object 'Object Repository/Page_Swag Labs/button_Checkout' is visible

2023-11-06 10:34:09 - [MESSAGE][PASSED] - Object 'Object Repository/Page_Swag Labs/button_Checkout' is visible

2023-11-06 10:34:09 - [TEST_STEP][PASSED] - click(findTestObject("Object Repository/Page_Swag Labs/button_Checkout")): Object: 'Object Repository/Page_Swag Labs/button_Checkout' is clicked on

2023-11-06 10:34:09 - [MESSAGE][PASSED] - Object: 'Object Repository/Page_Swag Labs/button_Checkout' is clicked on

2023-11-06 10:34:09 - [TEST_STEP][PASSED] - setText(findTestObject("Object Repository/Page_Swag Labs/input_Checkout Your Information_firstName"), "test"): Text 'test' is set on object 'Object Repository/Page_Swag Labs/input_Checkout Your Information_firstName'

2023-11-06 10:34:09 - [MESSAGE][PASSED] - Text 'test' is set on object 'Object Repository/Page_Swag Labs/input_Checkout Your Information_firstName'

2023-11-06 10:34:09 - [TEST_STEP][PASSED] - setText(findTestObject("Object Repository/Page_Swag Labs/input_Checkout Your Information_lastName"), "test"): Text 'test' is set on object 'Object Repository/Page_Swag Labs/input_Checkout Your Information_lastName'

2023-11-06 10:34:10 - [MESSAGE][PASSED] - Text 'test' is set on object 'Object Repository/Page_Swag Labs/input_Checkout Your Information_lastName'

2023-11-06 10:34:10 - [TEST_STEP][PASSED] - setText(findTestObject("Object Repository/Page_Swag Labs/input_Checkout Your Information_postalCode"), "123"): Text '123' is set on object 'Object Repository/Page_Swag Labs/input_Checkout Your Information_postalCode'

2023-11-06 10:34:10 - [MESSAGE][PASSED] - Text '123' is set on object 'Object Repository/Page_Swag Labs/input_Checkout Your Information_postalCode'

2023-11-06 10:34:10 - [TEST_STEP][PASSED] - verifyElementVisible(findTestObject("Object Repository/Page_Swag Labs/input_Cancel_continue")): Object 'Object Repository/Page_Swag Labs/input_Cancel_continue' is visible

2023-11-06 10:34:10 - [MESSAGE][PASSED] - Object 'Object Repository/Page_Swag Labs/input_Cancel_continue' is visible

2023-11-06 10:34:10 - [TEST_STEP][PASSED] - click(findTestObject("Object Repository/Page_Swag Labs/input_Cancel_continue")): Object: 'Object Repository/Page_Swag Labs/input_Cancel_continue' is clicked on

2023-11-06 10:34:10 - [MESSAGE][PASSED] - Object: 'Object Repository/Page_Swag Labs/input_Cancel_continue' is clicked on

2023-11-06 10:34:10 - [TEST_STEP][PASSED] - verifyElementText(findTestObject("Object Repository/Page_Swag Labs/div_Checkout Overview"), "Checkout: Overview"): Actual text and expected text of test object 'Object Repository/Page_Swag Labs/div_Checkout Overview' are matched.

2023-11-06 10:34:10 - [MESSAGE][PASSED] - Actual text and expected text of test object 'Object Repository/Page_Swag Labs/div_Checkout Overview' are matched.

2023-11-06 10:34:10 - [MESSAGE][PASSED] - Call Test Case 'Test Cases/Checkout' successfully

2023-11-06 10:34:10 - [TEST_STEP][PASSED] - verifyElementPresent(findTestObject("Object Repository/Page_Swag Labs/button_Finish"), 0): Object 'Object Repository/Page_Swag Labs/button_Finish' is present

2023-11-06 10:34:10 - [MESSAGE][WARNING] - Timeout '0' is invalid. Using default page load timeout: '30'

2023-11-06 10:34:10 - [MESSAGE][PASSED] - Object 'Object Repository/Page_Swag Labs/button_Finish' is present

2023-11-06 10:34:10 - [TEST_STEP][PASSED] - click(findTestObject("Object Repository/Page_Swag Labs/button_Finish")): Object: 'Object Repository/Page_Swag Labs/button_Finish' is clicked on

2023-11-06 10:34:11 - [MESSAGE][PASSED] - Object: 'Object Repository/Page_Swag Labs/button_Finish' is clicked on

2023-11-06 10:34:11 - [TEST_STEP][FAILED] - verifyElementText(findTestObject("Object Repository/Page_Swag Labs/h2_Thank you for your order"), "Thank you for your order!"): Verify element text of test object 'Object Repository/Page_Swag Labs/h2_Thank you for your order' FAILED. (Root cause: com.kms.katalon.core.exception.StepFailedException: Verify element text of test object 'Object Repository/Page_Swag Labs/h2_Thank you for your order' FAILED.
	at com.kms.katalon.core.webui.keyword.internal.WebUIKeywordMain.stepFailed(WebUIKeywordMain.groovy:64)
	at com.kms.katalon.core.webui.keyword.internal.WebUIKeywordMain.runKeyword(WebUIKeywordMain.groovy:26)
	at com.kms.katalon.core.webui.keyword.builtin.VerifyElementTextKeyword.verifyElementText(VerifyElementTextKeyword.groovy:72)
	at com.kms.katalon.core.webui.keyword.builtin.VerifyElementTextKeyword.execute(VerifyElementTextKeyword.groovy:40)
	at com.kms.katalon.core.keyword.internal.KeywordExecutor.executeKeywordForPlatform(KeywordExecutor.groovy:74)
	at com.kms.katalon.core.webui.keyword.WebUiBuiltInKeywords.verifyElementText(WebUiBuiltInKeywords.groovy:4749)
	at com.kms.katalon.core.webui.keyword.WebUiBuiltInKeywords$verifyElementText$4.call(Unknown Source)
	at FinishOrder.run(FinishOrder:28)
	at com.kms.katalon.core.main.ScriptEngine.run(ScriptEngine.java:194)
	at com.kms.katalon.core.main.ScriptEngine.runScriptAsRawText(ScriptEngine.java:119)
	at com.kms.katalon.core.main.TestCaseExecutor.runScript(TestCaseExecutor.java:448)
	at com.kms.katalon.core.main.TestCaseExecutor.doExecute(TestCaseExecutor.java:439)
	at com.kms.katalon.core.main.TestCaseExecutor.processExecutionPhase(TestCaseExecutor.java:418)
	at com.kms.katalon.core.main.TestCaseExecutor.accessMainPhase(TestCaseExecutor.java:410)
	at com.kms.katalon.core.main.TestCaseExecutor.execute(TestCaseExecutor.java:285)
	at com.kms.katalon.core.common.CommonExecutor.accessTestCaseMainPhase(CommonExecutor.java:65)
	at com.kms.katalon.core.main.TestSuiteExecutor.accessTestSuiteMainPhase(TestSuiteExecutor.java:148)
	at com.kms.katalon.core.main.TestSuiteExecutor.execute(TestSuiteExecutor.java:106)
	at com.kms.katalon.core.main.TestCaseMain.startTestSuite(TestCaseMain.java:187)
	at com.kms.katalon.core.main.TestCaseMain$startTestSuite$0.call(Unknown Source)
	at TempTestSuite1699241604942.run(TempTestSuite1699241604942.groovy:36)
Caused by: com.kms.katalon.core.exception.StepFailedException: com.kms.katalon.core.webui.exception.WebElementNotFoundException: Web element with id: 'Object Repository/Page_Swag Labs/h2_Thank you for your order' located by '' not found
	at com.kms.katalon.core.webui.keyword.internal.WebUIKeywordMain.stepFailed(WebUIKeywordMain.groovy:64)
	at com.kms.katalon.core.webui.keyword.builtin.VerifyElementTextKeyword$_verifyElementText_closure1.doCall(VerifyElementTextKeyword.groovy:64)
	at com.kms.katalon.core.webui.keyword.builtin.VerifyElementTextKeyword$_verifyElementText_closure1.call(VerifyElementTextKeyword.groovy)
	at com.kms.katalon.core.webui.keyword.internal.WebUIKeywordMain.runKeyword(WebUIKeywordMain.groovy:20)
	... 19 more
)

2023-11-06 10:34:42 - [MESSAGE][INFO] - Unable to find the element located by 'By.xpath: '. Please recheck the objects properties to make sure the desired element is located. 

2023-11-06 10:34:42 - [MESSAGE][FAILED] - com.kms.katalon.core.webui.exception.WebElementNotFoundException: Web element with id: 'Object Repository/Page_Swag Labs/h2_Thank you for your order' located by '' not found (Root cause: com.kms.katalon.core.exception.StepFailedException: com.kms.katalon.core.webui.exception.WebElementNotFoundException: Web element with id: 'Object Repository/Page_Swag Labs/h2_Thank you for your order' located by '' not found
	at com.kms.katalon.core.webui.keyword.internal.WebUIKeywordMain.stepFailed(WebUIKeywordMain.groovy:64)
	at com.kms.katalon.core.webui.keyword.builtin.VerifyElementTextKeyword$_verifyElementText_closure1.doCall(VerifyElementTextKeyword.groovy:64)
	at com.kms.katalon.core.webui.keyword.builtin.VerifyElementTextKeyword$_verifyElementText_closure1.call(VerifyElementTextKeyword.groovy)
	at com.kms.katalon.core.webui.keyword.internal.WebUIKeywordMain.runKeyword(WebUIKeywordMain.groovy:20)
	at com.kms.katalon.core.webui.keyword.builtin.VerifyElementTextKeyword.verifyElementText(VerifyElementTextKeyword.groovy:72)
	at com.kms.katalon.core.webui.keyword.builtin.VerifyElementTextKeyword.execute(VerifyElementTextKeyword.groovy:40)
	at com.kms.katalon.core.keyword.internal.KeywordExecutor.executeKeywordForPlatform(KeywordExecutor.groovy:74)
	at com.kms.katalon.core.webui.keyword.WebUiBuiltInKeywords.verifyElementText(WebUiBuiltInKeywords.groovy:4749)
	at com.kms.katalon.core.webui.keyword.WebUiBuiltInKeywords$verifyElementText$4.call(Unknown Source)
	at FinishOrder.run(FinishOrder:28)
	at com.kms.katalon.core.main.ScriptEngine.run(ScriptEngine.java:194)
	at com.kms.katalon.core.main.ScriptEngine.runScriptAsRawText(ScriptEngine.java:119)
	at com.kms.katalon.core.main.TestCaseExecutor.runScript(TestCaseExecutor.java:448)
	at com.kms.katalon.core.main.TestCaseExecutor.doExecute(TestCaseExecutor.java:439)
	at com.kms.katalon.core.main.TestCaseExecutor.processExecutionPhase(TestCaseExecutor.java:418)
	at com.kms.katalon.core.main.TestCaseExecutor.accessMainPhase(TestCaseExecutor.java:410)
	at com.kms.katalon.core.main.TestCaseExecutor.execute(TestCaseExecutor.java:285)
	at com.kms.katalon.core.common.CommonExecutor.accessTestCaseMainPhase(CommonExecutor.java:65)
	at com.kms.katalon.core.main.TestSuiteExecutor.accessTestSuiteMainPhase(TestSuiteExecutor.java:148)
	at com.kms.katalon.core.main.TestSuiteExecutor.execute(TestSuiteExecutor.java:106)
	at com.kms.katalon.core.main.TestCaseMain.startTestSuite(TestCaseMain.java:187)
	at com.kms.katalon.core.main.TestCaseMain$startTestSuite$0.call(Unknown Source)
	at TempTestSuite1699241604942.run(TempTestSuite1699241604942.groovy:36)
)
[[ATTACHMENT|C:\\Users\\muhammad.nurfaizi\\Katalon Studio\\WebTestSauceDemo\\Reports\\20231106_103323\\Sauce Labs\\20231106_103324\\1699241682099.png]]

2023-11-06 10:34:42 - [MESSAGE][FAILED] - Verify element text of test object 'Object Repository/Page_Swag Labs/h2_Thank you for your order' FAILED. (Root cause: com.kms.katalon.core.exception.StepFailedException: Verify element text of test object 'Object Repository/Page_Swag Labs/h2_Thank you for your order' FAILED.
	at com.kms.katalon.core.webui.keyword.internal.WebUIKeywordMain.stepFailed(WebUIKeywordMain.groovy:64)
	at com.kms.katalon.core.webui.keyword.internal.WebUIKeywordMain.runKeyword(WebUIKeywordMain.groovy:26)
	at com.kms.katalon.core.webui.keyword.builtin.VerifyElementTextKeyword.verifyElementText(VerifyElementTextKeyword.groovy:72)
	at com.kms.katalon.core.webui.keyword.builtin.VerifyElementTextKeyword.execute(VerifyElementTextKeyword.groovy:40)
	at com.kms.katalon.core.keyword.internal.KeywordExecutor.executeKeywordForPlatform(KeywordExecutor.groovy:74)
	at com.kms.katalon.core.webui.keyword.WebUiBuiltInKeywords.verifyElementText(WebUiBuiltInKeywords.groovy:4749)
	at com.kms.katalon.core.webui.keyword.WebUiBuiltInKeywords$verifyElementText$4.call(Unknown Source)
	at FinishOrder.run(FinishOrder:28)
	at com.kms.katalon.core.main.ScriptEngine.run(ScriptEngine.java:194)
	at com.kms.katalon.core.main.ScriptEngine.runScriptAsRawText(ScriptEngine.java:119)
	at com.kms.katalon.core.main.TestCaseExecutor.runScript(TestCaseExecutor.java:448)
	at com.kms.katalon.core.main.TestCaseExecutor.doExecute(TestCaseExecutor.java:439)
	at com.kms.katalon.core.main.TestCaseExecutor.processExecutionPhase(TestCaseExecutor.java:418)
	at com.kms.katalon.core.main.TestCaseExecutor.accessMainPhase(TestCaseExecutor.java:410)
	at com.kms.katalon.core.main.TestCaseExecutor.execute(TestCaseExecutor.java:285)
	at com.kms.katalon.core.common.CommonExecutor.accessTestCaseMainPhase(CommonExecutor.java:65)
	at com.kms.katalon.core.main.TestSuiteExecutor.accessTestSuiteMainPhase(TestSuiteExecutor.java:148)
	at com.kms.katalon.core.main.TestSuiteExecutor.execute(TestSuiteExecutor.java:106)
	at com.kms.katalon.core.main.TestCaseMain.startTestSuite(TestCaseMain.java:187)
	at com.kms.katalon.core.main.TestCaseMain$startTestSuite$0.call(Unknown Source)
	at TempTestSuite1699241604942.run(TempTestSuite1699241604942.groovy:36)
Caused by: com.kms.katalon.core.exception.StepFailedException: com.kms.katalon.core.webui.exception.WebElementNotFoundException: Web element with id: 'Object Repository/Page_Swag Labs/h2_Thank you for your order' located by '' not found
	at com.kms.katalon.core.webui.keyword.internal.WebUIKeywordMain.stepFailed(WebUIKeywordMain.groovy:64)
	at com.kms.katalon.core.webui.keyword.builtin.VerifyElementTextKeyword$_verifyElementText_closure1.doCall(VerifyElementTextKeyword.groovy:64)
	at com.kms.katalon.core.webui.keyword.builtin.VerifyElementTextKeyword$_verifyElementText_closure1.call(VerifyElementTextKeyword.groovy)
	at com.kms.katalon.core.webui.keyword.internal.WebUIKeywordMain.runKeyword(WebUIKeywordMain.groovy:20)
	... 19 more
)
[[ATTACHMENT|C:\\Users\\muhammad.nurfaizi\\Katalon Studio\\WebTestSauceDemo\\Reports\\20231106_103323\\Sauce Labs\\20231106_103324\\1699241682169.png]]]]></system-out>
         <system-err><![CDATA[2023-11-06 10:33:57 - [TEST_CASE][FAILED] - Test Cases/FinishOrder: Test Cases/FinishOrder FAILED.
Reason:
com.kms.katalon.core.exception.StepFailedException: Verify element text of test object 'Object Repository/Page_Swag Labs/h2_Thank you for your order' FAILED.
	at com.kms.katalon.core.webui.keyword.internal.WebUIKeywordMain.stepFailed(WebUIKeywordMain.groovy:64)
	at com.kms.katalon.core.webui.keyword.internal.WebUIKeywordMain.runKeyword(WebUIKeywordMain.groovy:26)
	at com.kms.katalon.core.webui.keyword.builtin.VerifyElementTextKeyword.verifyElementText(VerifyElementTextKeyword.groovy:72)
	at com.kms.katalon.core.webui.keyword.builtin.VerifyElementTextKeyword.execute(VerifyElementTextKeyword.groovy:40)
	at com.kms.katalon.core.keyword.internal.KeywordExecutor.executeKeywordForPlatform(KeywordExecutor.groovy:74)
	at com.kms.katalon.core.webui.keyword.WebUiBuiltInKeywords.verifyElementText(WebUiBuiltInKeywords.groovy:4749)
	at com.kms.katalon.core.webui.keyword.WebUiBuiltInKeywords$verifyElementText$4.call(Unknown Source)
	at FinishOrder.run(FinishOrder:28)
	at com.kms.katalon.core.main.ScriptEngine.run(ScriptEngine.java:194)
	at com.kms.katalon.core.main.ScriptEngine.runScriptAsRawText(ScriptEngine.java:119)
	at com.kms.katalon.core.main.TestCaseExecutor.runScript(TestCaseExecutor.java:448)
	at com.kms.katalon.core.main.TestCaseExecutor.doExecute(TestCaseExecutor.java:439)
	at com.kms.katalon.core.main.TestCaseExecutor.processExecutionPhase(TestCaseExecutor.java:418)
	at com.kms.katalon.core.main.TestCaseExecutor.accessMainPhase(TestCaseExecutor.java:410)
	at com.kms.katalon.core.main.TestCaseExecutor.execute(TestCaseExecutor.java:285)
	at com.kms.katalon.core.common.CommonExecutor.accessTestCaseMainPhase(CommonExecutor.java:65)
	at com.kms.katalon.core.main.TestSuiteExecutor.accessTestSuiteMainPhase(TestSuiteExecutor.java:148)
	at com.kms.katalon.core.main.TestSuiteExecutor.execute(TestSuiteExecutor.java:106)
	at com.kms.katalon.core.main.TestCaseMain.startTestSuite(TestCaseMain.java:187)
	at com.kms.katalon.core.main.TestCaseMain$startTestSuite$0.call(Unknown Source)
	at TempTestSuite1699241604942.run(TempTestSuite1699241604942.groovy:36)
Caused by: com.kms.katalon.core.exception.StepFailedException: com.kms.katalon.core.webui.exception.WebElementNotFoundException: Web element with id: 'Object Repository/Page_Swag Labs/h2_Thank you for your order' located by '' not found
	at com.kms.katalon.core.webui.keyword.internal.WebUIKeywordMain.stepFailed(WebUIKeywordMain.groovy:64)
	at com.kms.katalon.core.webui.keyword.builtin.VerifyElementTextKeyword$_verifyElementText_closure1.doCall(VerifyElementTextKeyword.groovy:64)
	at com.kms.katalon.core.webui.keyword.builtin.VerifyElementTextKeyword$_verifyElementText_closure1.call(VerifyElementTextKeyword.groovy)
	at com.kms.katalon.core.webui.keyword.internal.WebUIKeywordMain.runKeyword(WebUIKeywordMain.groovy:20)
	... 19 more]]></system-err>
      </testcase>
      <system-out><![CDATA[2023-11-06 10:33:38 - [TEST_SUITE][FAILED] - Sauce Labs: Test Cases/FinishOrder FAILED.
Reason:
com.kms.katalon.core.exception.StepFailedException: Verify element text of test object 'Object Repository/Page_Swag Labs/h2_Thank you for your order' FAILED.
	at com.kms.katalon.core.webui.keyword.internal.WebUIKeywordMain.stepFailed(WebUIKeywordMain.groovy:64)
	at com.kms.katalon.core.webui.keyword.internal.WebUIKeywordMain.runKeyword(WebUIKeywordMain.groovy:26)
	at com.kms.katalon.core.webui.keyword.builtin.VerifyElementTextKeyword.verifyElementText(VerifyElementTextKeyword.groovy:72)
	at com.kms.katalon.core.webui.keyword.builtin.VerifyElementTextKeyword.execute(VerifyElementTextKeyword.groovy:40)
	at com.kms.katalon.core.keyword.internal.KeywordExecutor.executeKeywordForPlatform(KeywordExecutor.groovy:74)
	at com.kms.katalon.core.webui.keyword.WebUiBuiltInKeywords.verifyElementText(WebUiBuiltInKeywords.groovy:4749)
	at com.kms.katalon.core.webui.keyword.WebUiBuiltInKeywords$verifyElementText$4.call(Unknown Source)
	at FinishOrder.run(FinishOrder:28)
	at com.kms.katalon.core.main.ScriptEngine.run(ScriptEngine.java:194)
	at com.kms.katalon.core.main.ScriptEngine.runScriptAsRawText(ScriptEngine.java:119)
	at com.kms.katalon.core.main.TestCaseExecutor.runScript(TestCaseExecutor.java:448)
	at com.kms.katalon.core.main.TestCaseExecutor.doExecute(TestCaseExecutor.java:439)
	at com.kms.katalon.core.main.TestCaseExecutor.processExecutionPhase(TestCaseExecutor.java:418)
	at com.kms.katalon.core.main.TestCaseExecutor.accessMainPhase(TestCaseExecutor.java:410)
	at com.kms.katalon.core.main.TestCaseExecutor.execute(TestCaseExecutor.java:285)
	at com.kms.katalon.core.common.CommonExecutor.accessTestCaseMainPhase(CommonExecutor.java:65)
	at com.kms.katalon.core.main.TestSuiteExecutor.accessTestSuiteMainPhase(TestSuiteExecutor.java:148)
	at com.kms.katalon.core.main.TestSuiteExecutor.execute(TestSuiteExecutor.java:106)
	at com.kms.katalon.core.main.TestCaseMain.startTestSuite(TestCaseMain.java:187)
	at com.kms.katalon.core.main.TestCaseMain$startTestSuite$0.call(Unknown Source)
	at TempTestSuite1699241604942.run(TempTestSuite1699241604942.groovy:36)
Caused by: com.kms.katalon.core.exception.StepFailedException: com.kms.katalon.core.webui.exception.WebElementNotFoundException: Web element with id: 'Object Repository/Page_Swag Labs/h2_Thank you for your order' located by '' not found
	at com.kms.katalon.core.webui.keyword.internal.WebUIKeywordMain.stepFailed(WebUIKeywordMain.groovy:64)
	at com.kms.katalon.core.webui.keyword.builtin.VerifyElementTextKeyword$_verifyElementText_closure1.doCall(VerifyElementTextKeyword.groovy:64)
	at com.kms.katalon.core.webui.keyword.builtin.VerifyElementTextKeyword$_verifyElementText_closure1.call(VerifyElementTextKeyword.groovy)
	at com.kms.katalon.core.webui.keyword.internal.WebUIKeywordMain.runKeyword(WebUIKeywordMain.groovy:20)
	... 19 more]]></system-out>
      <system-err><![CDATA[2023-11-06 10:33:38 - [TEST_SUITE][FAILED] - Sauce Labs: Test Cases/FinishOrder FAILED.
Reason:
com.kms.katalon.core.exception.StepFailedException: Verify element text of test object 'Object Repository/Page_Swag Labs/h2_Thank you for your order' FAILED.
	at com.kms.katalon.core.webui.keyword.internal.WebUIKeywordMain.stepFailed(WebUIKeywordMain.groovy:64)
	at com.kms.katalon.core.webui.keyword.internal.WebUIKeywordMain.runKeyword(WebUIKeywordMain.groovy:26)
	at com.kms.katalon.core.webui.keyword.builtin.VerifyElementTextKeyword.verifyElementText(VerifyElementTextKeyword.groovy:72)
	at com.kms.katalon.core.webui.keyword.builtin.VerifyElementTextKeyword.execute(VerifyElementTextKeyword.groovy:40)
	at com.kms.katalon.core.keyword.internal.KeywordExecutor.executeKeywordForPlatform(KeywordExecutor.groovy:74)
	at com.kms.katalon.core.webui.keyword.WebUiBuiltInKeywords.verifyElementText(WebUiBuiltInKeywords.groovy:4749)
	at com.kms.katalon.core.webui.keyword.WebUiBuiltInKeywords$verifyElementText$4.call(Unknown Source)
	at FinishOrder.run(FinishOrder:28)
	at com.kms.katalon.core.main.ScriptEngine.run(ScriptEngine.java:194)
	at com.kms.katalon.core.main.ScriptEngine.runScriptAsRawText(ScriptEngine.java:119)
	at com.kms.katalon.core.main.TestCaseExecutor.runScript(TestCaseExecutor.java:448)
	at com.kms.katalon.core.main.TestCaseExecutor.doExecute(TestCaseExecutor.java:439)
	at com.kms.katalon.core.main.TestCaseExecutor.processExecutionPhase(TestCaseExecutor.java:418)
	at com.kms.katalon.core.main.TestCaseExecutor.accessMainPhase(TestCaseExecutor.java:410)
	at com.kms.katalon.core.main.TestCaseExecutor.execute(TestCaseExecutor.java:285)
	at com.kms.katalon.core.common.CommonExecutor.accessTestCaseMainPhase(CommonExecutor.java:65)
	at com.kms.katalon.core.main.TestSuiteExecutor.accessTestSuiteMainPhase(TestSuiteExecutor.java:148)
	at com.kms.katalon.core.main.TestSuiteExecutor.execute(TestSuiteExecutor.java:106)
	at com.kms.katalon.core.main.TestCaseMain.startTestSuite(TestCaseMain.java:187)
	at com.kms.katalon.core.main.TestCaseMain$startTestSuite$0.call(Unknown Source)
	at TempTestSuite1699241604942.run(TempTestSuite1699241604942.groovy:36)
Caused by: com.kms.katalon.core.exception.StepFailedException: com.kms.katalon.core.webui.exception.WebElementNotFoundException: Web element with id: 'Object Repository/Page_Swag Labs/h2_Thank you for your order' located by '' not found
	at com.kms.katalon.core.webui.keyword.internal.WebUIKeywordMain.stepFailed(WebUIKeywordMain.groovy:64)
	at com.kms.katalon.core.webui.keyword.builtin.VerifyElementTextKeyword$_verifyElementText_closure1.doCall(VerifyElementTextKeyword.groovy:64)
	at com.kms.katalon.core.webui.keyword.builtin.VerifyElementTextKeyword$_verifyElementText_closure1.call(VerifyElementTextKeyword.groovy)
	at com.kms.katalon.core.webui.keyword.internal.WebUIKeywordMain.runKeyword(WebUIKeywordMain.groovy:20)
	... 19 more]]></system-err>
   </testsuite>
</testsuites>
